<?xml version="1.0" encoding="UTF-8"?>
<!-- Generated by org.testng.reporters.JUnitReportReporter -->
<testsuite skipped="0" hostname="Omers-MacBook-Pro.local" name="com.qa.ispeakbetterpackages.test.SelectingRandomPlansTest" tests="3" failures="0" timestamp="2020-10-19T22:31:21 EDT" time="13.027" errors="0">
  <testcase name="verifyPageTitle" time="4.014" classname="com.qa.ispeakbetterpackages.test.SelectingRandomPlansTest"/>
  <system-out/>
  <testcase name="verifyPackageSectionHeader" time="4.216" classname="com.qa.ispeakbetterpackages.test.SelectingRandomPlansTest"/>
  <system-out/>
  <testcase name="selectAPackage" time="4.797" classname="com.qa.ispeakbetterpackages.test.SelectingRandomPlansTest"/>
  <system-out/>
</testsuite> <!-- com.qa.ispeakbetterpackages.test.SelectingRandomPlansTest -->
