<?xml version="1.0" encoding="UTF-8"?>
<!-- Generated by org.testng.reporters.JUnitReportReporter -->
<testsuite skipped="1" hostname="Omers-MacBook-Pro.local" name="com.qa.ispeakbetterpackages.test.FirstCaseTest" tests="2" failures="0" timestamp="2020-10-15T14:07:57 EDT" time="28.083" errors="0">
  <testcase name="selectAPackage" time="28.083" classname="com.qa.ispeakbetterpackages.test.FirstCaseTest"/>
  <system-out/>
  <testcase name="verifyPageTitle" classname="com.qa.ispeakbetterpackages.test.FirstCaseTest">
    <skipped/>
  </testcase> <!-- verifyPageTitle -->
  <system-out/>
</testsuite> <!-- com.qa.ispeakbetterpackages.test.FirstCaseTest -->
