<?xml version="1.0" encoding="UTF-8"?>
<!-- Generated by org.testng.reporters.JUnitReportReporter -->
<testsuite skipped="0" hostname="Omers-MacBook-Pro.local" name="com.qa.ispeakbetterpackages.test.HomePageTest" tests="2" failures="0" timestamp="2020-10-15T13:45:43 EDT" time="11.481" errors="0">
  <testcase name="verifyPageTitle" time="4.680" classname="com.qa.ispeakbetterpackages.test.HomePageTest"/>
  <system-out/>
  <testcase name="selectAPackage" time="6.801" classname="com.qa.ispeakbetterpackages.test.HomePageTest"/>
  <system-out/>
</testsuite> <!-- com.qa.ispeakbetterpackages.test.HomePageTest -->
