<?xml version="1.0" encoding="UTF-8"?>
<!-- Generated by org.testng.reporters.JUnitReportReporter -->
<testsuite skipped="0" hostname="Omers-MacBook-Pro.local" name="com.qa.ispeakbetterpackages.test.HandlingErrorMessagesPageTest" tests="4" failures="0" timestamp="2020-10-19T22:31:21 EDT" time="19.247" errors="0">
  <testcase name="verifyPageTitle" time="4.258" classname="com.qa.ispeakbetterpackages.test.HandlingErrorMessagesPageTest"/>
  <system-out/>
  <testcase name="selectDuration" time="4.721" classname="com.qa.ispeakbetterpackages.test.HandlingErrorMessagesPageTest"/>
  <system-out/>
  <testcase name="selectClasses" time="6.206" classname="com.qa.ispeakbetterpackages.test.HandlingErrorMessagesPageTest"/>
  <system-out/>
  <testcase name="selectWeek" time="4.062" classname="com.qa.ispeakbetterpackages.test.HandlingErrorMessagesPageTest"/>
  <system-out/>
</testsuite> <!-- com.qa.ispeakbetterpackages.test.HandlingErrorMessagesPageTest -->
