<?xml version="1.0" encoding="UTF-8"?>
<!-- Generated by org.testng.reporters.JUnitReportReporter -->
<testsuite skipped="1" hostname="Omers-MacBook-Pro.local" name="com.qa.ispeakbetterpackages.test.ThirdCaseTest" tests="4" failures="0" timestamp="2020-10-15T15:03:04 EDT" time="16.325" errors="0">
  <testcase name="selectDuration" time="4.798" classname="com.qa.ispeakbetterpackages.test.ThirdCaseTest"/>
  <system-out/>
  <testcase name="selectClasses" time="5.016" classname="com.qa.ispeakbetterpackages.test.ThirdCaseTest"/>
  <system-out/>
  <testcase name="selectWeek" time="6.511" classname="com.qa.ispeakbetterpackages.test.ThirdCaseTest"/>
  <system-out/>
  <testcase name="verifyPageTitle" classname="com.qa.ispeakbetterpackages.test.ThirdCaseTest">
    <skipped/>
  </testcase> <!-- verifyPageTitle -->
  <system-out/>
</testsuite> <!-- com.qa.ispeakbetterpackages.test.ThirdCaseTest -->
