<?xml version="1.0" encoding="UTF-8"?>
<!-- Generated by org.testng.reporters.JUnitReportReporter -->
<testsuite skipped="0" hostname="Omers-MacBook-Pro.local" name="com.qa.ispeakbetterpackages.test.ClickBuyBtnWithoutSelectionTest" tests="4" failures="0" timestamp="2020-10-19T22:31:21 EDT" time="18.902" errors="0">
  <testcase name="verifyPageTitle" time="4.820" classname="com.qa.ispeakbetterpackages.test.ClickBuyBtnWithoutSelectionTest"/>
  <system-out/>
  <testcase name="clickBuyWithoutDuration" time="4.704" classname="com.qa.ispeakbetterpackages.test.ClickBuyBtnWithoutSelectionTest"/>
  <system-out/>
  <testcase name="clickBuyWithoutClassLength" time="4.630" classname="com.qa.ispeakbetterpackages.test.ClickBuyBtnWithoutSelectionTest"/>
  <system-out/>
  <testcase name="clickBuyWithoutNumberOfClasses" time="4.748" classname="com.qa.ispeakbetterpackages.test.ClickBuyBtnWithoutSelectionTest"/>
  <system-out/>
</testsuite> <!-- com.qa.ispeakbetterpackages.test.ClickBuyBtnWithoutSelectionTest -->
