<?xml version="1.0" encoding="UTF-8"?>
<!-- Generated by org.testng.reporters.JUnitReportReporter -->
<testsuite skipped="0" hostname="Omers-MacBook-Pro.local" name="com.qa.ispeakbetterpackages.test.PrintingAllValuesTest" tests="5" failures="0" timestamp="2020-10-19T22:31:21 EDT" time="23.952" errors="0">
  <testcase name="verifyPageTitle" time="4.034" classname="com.qa.ispeakbetterpackages.test.PrintingAllValuesTest"/>
  <system-out/>
  <testcase name="verifyDurationSelection" time="4.043" classname="com.qa.ispeakbetterpackages.test.PrintingAllValuesTest"/>
  <system-out/>
  <testcase name="verifyWeekSelection" time="7.566" classname="com.qa.ispeakbetterpackages.test.PrintingAllValuesTest"/>
  <system-out/>
  <testcase name="verifyClassesSelection" time="4.236" classname="com.qa.ispeakbetterpackages.test.PrintingAllValuesTest"/>
  <system-out/>
  <testcase name="verifyProgramSelection" time="4.073" classname="com.qa.ispeakbetterpackages.test.PrintingAllValuesTest"/>
  <system-out/>
</testsuite> <!-- com.qa.ispeakbetterpackages.test.PrintingAllValuesTest -->
