<?xml version="1.0" encoding="UTF-8"?>
<!-- Generated by org.testng.reporters.JUnitReportReporter -->
<testsuite skipped="1" hostname="Omers-MacBook-Pro.local" name="com.qa.ispeakbetterpackages.test.SecondCaseTest" tests="2" failures="0" timestamp="2020-10-15T14:07:20 EDT" time="7.603" errors="0">
  <testcase name="selectAPackage" time="7.603" classname="com.qa.ispeakbetterpackages.test.SecondCaseTest"/>
  <system-out/>
  <testcase name="verifyPageTitle" classname="com.qa.ispeakbetterpackages.test.SecondCaseTest">
    <skipped/>
  </testcase> <!-- verifyPageTitle -->
  <system-out/>
</testsuite> <!-- com.qa.ispeakbetterpackages.test.SecondCaseTest -->
